<?xml version="1.0" encoding="UTF-8"?>
<!-- Generated by org.testng.reporters.JUnitReportReporter -->
<testsuite hostname="DESKTOP-E37IPE6" failures="0" tests="1" name="com.inetBanking.testCases.TC_AddCustomerTest_003" time="31.223" errors="0" timestamp="2022-12-20T16:07:23 MST" skipped="0">
  <testcase classname="com.inetBanking.testCases.TC_AddCustomerTest_003" name="addNewCustomer" time="31.223"/>
  <system-out/>
</testsuite> <!-- com.inetBanking.testCases.TC_AddCustomerTest_003 -->
