<?xml version="1.0" encoding="UTF-8"?>
<!-- Generated by org.testng.reporters.JUnitReportReporter -->
<testsuite hostname="DESKTOP-E37IPE6" failures="0" tests="1" name="com.inetBanking.testCases.TC_AddUserTest_005" time="5.230" errors="0" timestamp="2022-12-23T08:38:25 MST" skipped="0">
  <testcase classname="com.inetBanking.testCases.TC_AddUserTest_005" name="addNewUser" time="5.230"/>
  <system-out/>
</testsuite> <!-- com.inetBanking.testCases.TC_AddUserTest_005 -->
